/tmp/tmp6dttol09/dolfin_expression_af18f964cbe01775e37df210128fda19.cpp: In member function 'virtual void dolfin::dolfin_expression_af18f964cbe01775e37df210128fda19::eval(Eigen::Ref<Eigen::Matrix<double, -1, 1> >, Eigen::Ref<const Eigen::Matrix<double, -1, 1> >) const':
/tmp/tmp6dttol09/dolfin_expression_af18f964cbe01775e37df210128fda19.cpp:62:61: error: no matching function for call to 'pow(Eigen::DenseCoeffsBase<Eigen::Ref<const Eigen::Matrix<double, -1, 1> >, 0>::CoeffReturnType)'
           values[0] = exp(-a*pow(x[0], 2) - a * pow(x[1] - 2));
                                                             ^
In file included from /root/anaconda/x86_64-conda_cos6-linux-gnu/sysroot/usr/include/features.h:356:0,
                 from /root/anaconda/x86_64-conda_cos6-linux-gnu/include/c++/7.3.0/x86_64-conda_cos6-linux-gnu/bits/os_defines.h:39,
                 from /root/anaconda/x86_64-conda_cos6-linux-gnu/include/c++/7.3.0/x86_64-conda_cos6-linux-gnu/bits/c++config.h:533,
                 from /root/anaconda/x86_64-conda_cos6-linux-gnu/include/c++/7.3.0/bits/stl_algobase.h:59,
                 from /root/anaconda/x86_64-conda_cos6-linux-gnu/include/c++/7.3.0/vector:60,
                 from /root/anaconda/include/dolfin/function/Expression.h:24,
                 from /tmp/tmp6dttol09/dolfin_expression_af18f964cbe01775e37df210128fda19.cpp:13:
/root/anaconda/x86_64-conda_cos6-linux-gnu/sysroot/usr/include/bits/mathcalls.h:154:1: note: candidate: double pow(double, double)
 __MATHCALL (pow,, (_Mdouble_ __x, _Mdouble_ __y));
 ^
/root/anaconda/x86_64-conda_cos6-linux-gnu/sysroot/usr/include/bits/mathcalls.h:154:1: note:   candidate expects 2 arguments, 1 provided
In file included from /root/anaconda/include/ufc_geometry.h:9:0,
                 from /root/anaconda/include/ufc.h:22,
                 from /root/anaconda/include/dolfin/function/Expression.h:25,
                 from /tmp/tmp6dttol09/dolfin_expression_af18f964cbe01775e37df210128fda19.cpp:13:
/root/anaconda/x86_64-conda_cos6-linux-gnu/include/c++/7.3.0/cmath:388:3: note: candidate: constexpr float std::pow(float, float)
   pow(float __x, float __y)
   ^~~
/root/anaconda/x86_64-conda_cos6-linux-gnu/include/c++/7.3.0/cmath:388:3: note:   candidate expects 2 arguments, 1 provided
/root/anaconda/x86_64-conda_cos6-linux-gnu/include/c++/7.3.0/cmath:392:3: note: candidate: constexpr long double std::pow(long double, long double)
   pow(long double __x, long double __y)
   ^~~
/root/anaconda/x86_64-conda_cos6-linux-gnu/include/c++/7.3.0/cmath:392:3: note:   candidate expects 2 arguments, 1 provided
/root/anaconda/x86_64-conda_cos6-linux-gnu/include/c++/7.3.0/cmath:415:5: note: candidate: template<class _Tp, class _Up> constexpr typename __gnu_cxx::__promote_2<_Tp, _Up>::__type std::pow(_Tp, _Up)
     pow(_Tp __x, _Up __y)
     ^~~
/root/anaconda/x86_64-conda_cos6-linux-gnu/include/c++/7.3.0/cmath:415:5: note:   template argument deduction/substitution failed:
/tmp/tmp6dttol09/dolfin_expression_af18f964cbe01775e37df210128fda19.cpp:62:61: note:   candidate expects 2 arguments, 1 provided
           values[0] = exp(-a*pow(x[0], 2) - a * pow(x[1] - 2));
                                                             ^
In file included from /root/anaconda/include/eigen3/Eigen/Core:96:0,
                 from /root/anaconda/include/eigen3/Eigen/Dense:1,
                 from /root/anaconda/include/dolfin/function/Expression.h:26,
                 from /tmp/tmp6dttol09/dolfin_expression_af18f964cbe01775e37df210128fda19.cpp:13:
/root/anaconda/x86_64-conda_cos6-linux-gnu/include/c++/7.3.0/complex:989:5: note: candidate: template<class _Tp> std::complex<_Tp> std::pow(const std::complex<_Tp>&, int)
     pow(const complex<_Tp>& __z, int __n)
     ^~~
/root/anaconda/x86_64-conda_cos6-linux-gnu/include/c++/7.3.0/complex:989:5: note:   template argument deduction/substitution failed:
/tmp/tmp6dttol09/dolfin_expression_af18f964cbe01775e37df210128fda19.cpp:62:61: note:   mismatched types 'const std::complex<_Tp>' and 'Eigen::DenseCoeffsBase<Eigen::Ref<const Eigen::Matrix<double, -1, 1> >, 0>::CoeffReturnType {aka double}'
           values[0] = exp(-a*pow(x[0], 2) - a * pow(x[1] - 2));
                                                             ^
In file included from /root/anaconda/include/eigen3/Eigen/Core:96:0,
                 from /root/anaconda/include/eigen3/Eigen/Dense:1,
                 from /root/anaconda/include/dolfin/function/Expression.h:26,
                 from /tmp/tmp6dttol09/dolfin_expression_af18f964cbe01775e37df210128fda19.cpp:13:
/root/anaconda/x86_64-conda_cos6-linux-gnu/include/c++/7.3.0/complex:998:5: note: candidate: template<class _Tp> std::complex<_Tp> std::pow(const std::complex<_Tp>&, const _Tp&)
     pow(const complex<_Tp>& __x, const _Tp& __y)
     ^~~
/root/anaconda/x86_64-conda_cos6-linux-gnu/include/c++/7.3.0/complex:998:5: note:   template argument deduction/substitution failed:
/tmp/tmp6dttol09/dolfin_expression_af18f964cbe01775e37df210128fda19.cpp:62:61: note:   mismatched types 'const std::complex<_Tp>' and 'Eigen::DenseCoeffsBase<Eigen::Ref<const Eigen::Matrix<double, -1, 1> >, 0>::CoeffReturnType {aka double}'
           values[0] = exp(-a*pow(x[0], 2) - a * pow(x[1] - 2));
                                                             ^
In file included from /root/anaconda/include/eigen3/Eigen/Core:96:0,
                 from /root/anaconda/include/eigen3/Eigen/Dense:1,
                 from /root/anaconda/include/dolfin/function/Expression.h:26,
                 from /tmp/tmp6dttol09/dolfin_expression_af18f964cbe01775e37df210128fda19.cpp:13:
/root/anaconda/x86_64-conda_cos6-linux-gnu/include/c++/7.3.0/complex:1032:5: note: candidate: template<class _Tp> std::complex<_Tp> std::pow(const std::complex<_Tp>&, const std::complex<_Tp>&)
     pow(const complex<_Tp>& __x, const complex<_Tp>& __y)
     ^~~
/root/anaconda/x86_64-conda_cos6-linux-gnu/include/c++/7.3.0/complex:1032:5: note:   template argument deduction/substitution failed:
/tmp/tmp6dttol09/dolfin_expression_af18f964cbe01775e37df210128fda19.cpp:62:61: note:   mismatched types 'const std::complex<_Tp>' and 'Eigen::DenseCoeffsBase<Eigen::Ref<const Eigen::Matrix<double, -1, 1> >, 0>::CoeffReturnType {aka double}'
           values[0] = exp(-a*pow(x[0], 2) - a * pow(x[1] - 2));
                                                             ^
In file included from /root/anaconda/include/eigen3/Eigen/Core:96:0,
                 from /root/anaconda/include/eigen3/Eigen/Dense:1,
                 from /root/anaconda/include/dolfin/function/Expression.h:26,
                 from /tmp/tmp6dttol09/dolfin_expression_af18f964cbe01775e37df210128fda19.cpp:13:
/root/anaconda/x86_64-conda_cos6-linux-gnu/include/c++/7.3.0/complex:1043:5: note: candidate: template<class _Tp> std::complex<_Tp> std::pow(const _Tp&, const std::complex<_Tp>&)
     pow(const _Tp& __x, const complex<_Tp>& __y)
     ^~~
/root/anaconda/x86_64-conda_cos6-linux-gnu/include/c++/7.3.0/complex:1043:5: note:   template argument deduction/substitution failed:
/tmp/tmp6dttol09/dolfin_expression_af18f964cbe01775e37df210128fda19.cpp:62:61: note:   candidate expects 2 arguments, 1 provided
           values[0] = exp(-a*pow(x[0], 2) - a * pow(x[1] - 2));
                                                             ^
In file included from /root/anaconda/include/eigen3/Eigen/Core:96:0,
                 from /root/anaconda/include/eigen3/Eigen/Dense:1,
                 from /root/anaconda/include/dolfin/function/Expression.h:26,
                 from /tmp/tmp6dttol09/dolfin_expression_af18f964cbe01775e37df210128fda19.cpp:13:
/root/anaconda/x86_64-conda_cos6-linux-gnu/include/c++/7.3.0/complex:1864:5: note: candidate: template<class _Tp, class _Up> std::complex<typename __gnu_cxx::__promote_2<_Tp, _Up>::__type> std::pow(const std::complex<_Tp>&, const _Up&)
     pow(const std::complex<_Tp>& __x, const _Up& __y)
     ^~~
/root/anaconda/x86_64-conda_cos6-linux-gnu/include/c++/7.3.0/complex:1864:5: note:   template argument deduction/substitution failed:
/tmp/tmp6dttol09/dolfin_expression_af18f964cbe01775e37df210128fda19.cpp:62:61: note:   mismatched types 'const std::complex<_Tp>' and 'Eigen::DenseCoeffsBase<Eigen::Ref<const Eigen::Matrix<double, -1, 1> >, 0>::CoeffReturnType {aka double}'
           values[0] = exp(-a*pow(x[0], 2) - a * pow(x[1] - 2));
                                                             ^
In file included from /root/anaconda/include/eigen3/Eigen/Core:96:0,
                 from /root/anaconda/include/eigen3/Eigen/Dense:1,
                 from /root/anaconda/include/dolfin/function/Expression.h:26,
                 from /tmp/tmp6dttol09/dolfin_expression_af18f964cbe01775e37df210128fda19.cpp:13:
/root/anaconda/x86_64-conda_cos6-linux-gnu/include/c++/7.3.0/complex:1872:5: note: candidate: template<class _Tp, class _Up> std::complex<typename __gnu_cxx::__promote_2<_Tp, _Up>::__type> std::pow(const _Tp&, const std::complex<_Up>&)
     pow(const _Tp& __x, const std::complex<_Up>& __y)
     ^~~
/root/anaconda/x86_64-conda_cos6-linux-gnu/include/c++/7.3.0/complex:1872:5: note:   template argument deduction/substitution failed:
/tmp/tmp6dttol09/dolfin_expression_af18f964cbe01775e37df210128fda19.cpp:62:61: note:   candidate expects 2 arguments, 1 provided
           values[0] = exp(-a*pow(x[0], 2) - a * pow(x[1] - 2));
                                                             ^
In file included from /root/anaconda/include/eigen3/Eigen/Core:96:0,
                 from /root/anaconda/include/eigen3/Eigen/Dense:1,
                 from /root/anaconda/include/dolfin/function/Expression.h:26,
                 from /tmp/tmp6dttol09/dolfin_expression_af18f964cbe01775e37df210128fda19.cpp:13:
/root/anaconda/x86_64-conda_cos6-linux-gnu/include/c++/7.3.0/complex:1880:5: note: candidate: template<class _Tp, class _Up> std::complex<typename __gnu_cxx::__promote_2<_Tp, _Up>::__type> std::pow(const std::complex<_Tp>&, const std::complex<_Up>&)
     pow(const std::complex<_Tp>& __x, const std::complex<_Up>& __y)
     ^~~
/root/anaconda/x86_64-conda_cos6-linux-gnu/include/c++/7.3.0/complex:1880:5: note:   template argument deduction/substitution failed:
/tmp/tmp6dttol09/dolfin_expression_af18f964cbe01775e37df210128fda19.cpp:62:61: note:   mismatched types 'const std::complex<_Tp>' and 'Eigen::DenseCoeffsBase<Eigen::Ref<const Eigen::Matrix<double, -1, 1> >, 0>::CoeffReturnType {aka double}'
           values[0] = exp(-a*pow(x[0], 2) - a * pow(x[1] - 2));
                                                             ^
